2020-10-03 23:10:10,325:[INFO] - bot | New user was created. ID: 1056688695 Name: Alvaro Williams
2020-10-03 23:10:29,494:[INFO] - web | Get items from URL: 'https://www.avito.ru/volgograd?p=1&q=python'
2020-10-03 23:10:31,638:[INFO] - web | Get items from URL: 'https://www.avito.ru/volgograd?p=1&q=python'
2020-10-03 23:10:35,014:[INFO] - web | Get items from URL: 'https://www.avito.ru/volgograd?p=1&q=python'
2020-10-03 23:10:40,784:[INFO] - web | Get items from URL: 'https://www.avito.ru/volgograd?p=1&q=python'
2020-10-03 23:11:05,370:[INFO] - web | Get items from URL: 'https://www.avito.ru/volgograd?p=1&q=python'
2020-10-03 23:11:06,477:[INFO] - web | Get items from URL: 'https://www.avito.ru/volgograd?p=1&q=python'
2020-10-03 23:11:09,627:[INFO] - web | Get items from URL: 'https://www.avito.ru/volgograd?p=1&q=python'
2020-10-03 23:11:57,756:[INFO] - web | Get items from URL: 'https://www.avito.ru/volgograd?p=1&q=Honda'
2020-10-03 23:11:59,393:[INFO] - web | Get items from URL: 'https://www.avito.ru/volgograd?p=1&q=Honda'
2020-10-03 23:12:02,824:[INFO] - web | Get items from URL: 'https://www.avito.ru/volgograd?p=1&q=Honda'
2020-10-03 23:52:54,494:[INFO] - web | Get items from URL: 'https://www.avito.ru/volgograd?p=1&q=Honda'
2020-10-03 23:53:45,507:[INFO] - bot | The user 848870246 have choose the region: נאסםמהאנ
2020-10-03 23:54:07,747:[INFO] - web | Get items from URL: 'https://www.avito.ru/krasnodar?p=1&q=Volkswagen'
2020-10-03 23:54:43,588:[INFO] - web | Get data from item on URL: 'https://avito.ru/anapa/avtomobili/volkswagen_passat_2011_1844826940'
2020-10-03 23:55:22,161:[INFO] - web | Get items from URL: 'https://www.avito.ru/krasnodar?p=1&q=ךגאנעטנא'
2020-10-03 23:56:18,693:[INFO] - web | Get items from URL: 'https://www.avito.ru/krasnodar?p=1&q=ןמנםמ'
2020-10-03 23:56:31,701:[INFO] - web | Get items from URL: 'https://www.avito.ru/krasnodar?p=1&q=פאפגאןפגאןפגןפגאןפגאןפגאפגאפגאפגאפגאפגאפגאפגאפ'
2020-10-03 23:59:03,351:[INFO] - web | Get items from URL: 'https://www.avito.ru/krasnodar?p=1&q=Honda'
2020-10-03 23:59:22,735:[INFO] - web | Get items from URL: 'https://www.avito.ru/krasnodar?p=1&q=Xiaomi'
2020-10-03 23:59:43,694:[INFO] - web | Get items from URL: 'https://www.avito.ru/krasnodar?p=1&q=Honda'
